<?xml version="1.0" encoding="UTF-8"?>
<!-- Generated by org.testng.reporters.JUnitReportReporter -->
<testsuite name="com.test.Automation.sel.Digin.Registration" tests="1" time="68.214" ignored="0" failures="0" timestamp="06 Jun 2017 09:23:32 GMT" skipped="0" hostname="WMS-PC" errors="0">
  <testcase name="registration" time="68.214" classname="com.test.Automation.sel.Digin.Registration"/>
</testsuite> <!-- com.test.Automation.sel.Digin.Registration -->
